2025-04-30 08:13:20,992 INFO o.a.j.u.JMeterUtils: Setting Locale to en_EN
2025-04-30 08:13:21,004 INFO o.a.j.JMeter: Loading user properties from: /opt/homebrew/Cellar/jmeter/5.6.3/libexec/bin/user.properties
2025-04-30 08:13:21,004 INFO o.a.j.JMeter: Loading system properties from: /opt/homebrew/Cellar/jmeter/5.6.3/libexec/bin/system.properties
2025-04-30 08:13:21,005 INFO o.a.j.JMeter: Setting JMeter property: users=1
2025-04-30 08:13:21,005 INFO o.a.j.JMeter: Setting JMeter property: rampUpPeriod=2
2025-04-30 08:13:21,005 INFO o.a.j.JMeter: Setting JMeter property: duration=10
2025-04-30 08:13:21,005 INFO o.a.j.JMeter: Setting JMeter property: tokens=tokens.csv
2025-04-30 08:13:21,005 INFO o.a.j.JMeter: Setting JMeter property: payload=payload.json
2025-04-30 08:13:21,005 INFO o.a.j.JMeter: Setting JMeter property: host=haxtreme.info
2025-04-30 08:13:21,005 INFO o.a.j.JMeter: Setting JMeter property: port=443
2025-04-30 08:13:21,005 INFO o.a.j.JMeter: Setting JMeter property: protocol=https
2025-04-30 08:13:21,005 INFO o.a.j.JMeter: Setting JMeter property: path=/netty/1/unsecured
2025-04-30 08:13:21,005 INFO o.a.j.JMeter: Setting JMeter property: response_size=200
2025-04-30 08:13:21,008 INFO o.a.j.JMeter: Copyright (c) 1998-2024 The Apache Software Foundation
2025-04-30 08:13:21,008 INFO o.a.j.JMeter: Version 5.6.3
2025-04-30 08:13:21,008 INFO o.a.j.JMeter: java.version=21.0.5
2025-04-30 08:13:21,008 INFO o.a.j.JMeter: java.vm.name=OpenJDK 64-Bit Server VM
2025-04-30 08:13:21,009 INFO o.a.j.JMeter: os.name=Mac OS X
2025-04-30 08:13:21,009 INFO o.a.j.JMeter: os.arch=aarch64
2025-04-30 08:13:21,009 INFO o.a.j.JMeter: os.version=14.6.1
2025-04-30 08:13:21,009 INFO o.a.j.JMeter: file.encoding=UTF-8
2025-04-30 08:13:21,009 INFO o.a.j.JMeter: java.awt.headless=true
2025-04-30 08:13:21,009 INFO o.a.j.JMeter: Max memory     =1073741824
2025-04-30 08:13:21,009 INFO o.a.j.JMeter: Available Processors =8
2025-04-30 08:13:21,013 INFO o.a.j.JMeter: Default Locale=English (EN)
2025-04-30 08:13:21,013 INFO o.a.j.JMeter: JMeter  Locale=English (EN)
2025-04-30 08:13:21,014 INFO o.a.j.JMeter: JMeterHome=/opt/homebrew/Cellar/jmeter/5.6.3/libexec
2025-04-30 08:13:21,014 INFO o.a.j.JMeter: user.dir  =/Users/thilan/projects/token/jmeter-runner
2025-04-30 08:13:21,014 INFO o.a.j.JMeter: PWD       =/Users/thilan/projects/token/jmeter-runner
2025-04-30 08:13:21,015 INFO o.a.j.JMeter: IP: 127.0.0.1 Name: thilan.local FullName: localhost
2025-04-30 08:13:21,023 INFO o.a.j.s.FileServer: Default base='/Users/thilan/projects/token/jmeter-runner'
2025-04-30 08:13:21,024 INFO o.a.j.s.FileServer: Set new base='/Users/thilan/projects/token/jmeter-runner'
2025-04-30 08:13:21,112 INFO o.a.j.s.SaveService: Testplan (JMX) version: 2.2. Testlog (JTL) version: 2.2
2025-04-30 08:13:21,136 INFO o.a.j.s.SaveService: Using SaveService properties version 5.0
2025-04-30 08:13:21,137 INFO o.a.j.s.SaveService: Using SaveService properties file encoding UTF-8
2025-04-30 08:13:21,139 INFO o.a.j.s.SaveService: Loading file: apim-test.jmx
2025-04-30 08:13:21,175 INFO o.a.j.p.h.s.HTTPSamplerBase: Parser for text/html is org.apache.jmeter.protocol.http.parser.LagartoBasedHtmlParser
2025-04-30 08:13:21,175 INFO o.a.j.p.h.s.HTTPSamplerBase: Parser for application/xhtml+xml is org.apache.jmeter.protocol.http.parser.LagartoBasedHtmlParser
2025-04-30 08:13:21,175 INFO o.a.j.p.h.s.HTTPSamplerBase: Parser for application/xml is org.apache.jmeter.protocol.http.parser.LagartoBasedHtmlParser
2025-04-30 08:13:21,176 INFO o.a.j.p.h.s.HTTPSamplerBase: Parser for text/xml is org.apache.jmeter.protocol.http.parser.LagartoBasedHtmlParser
2025-04-30 08:13:21,176 INFO o.a.j.p.h.s.HTTPSamplerBase: Parser for text/vnd.wap.wml is org.apache.jmeter.protocol.http.parser.RegexpHTMLParser
2025-04-30 08:13:21,176 INFO o.a.j.p.h.s.HTTPSamplerBase: Parser for text/css is org.apache.jmeter.protocol.http.parser.CssParser
2025-04-30 08:13:21,300 INFO o.a.j.JMeter: Creating summariser <summary>
2025-04-30 08:13:21,310 INFO o.a.j.e.StandardJMeterEngine: Running the test!
2025-04-30 08:13:21,311 INFO o.a.j.s.SampleEvent: List of sample_variables: []
2025-04-30 08:13:21,311 INFO o.a.j.s.SampleEvent: List of sample_variables: []
2025-04-30 08:13:21,313 INFO o.a.j.e.u.CompoundVariable: Note: Function class names must contain the string: '.functions.'
2025-04-30 08:13:21,313 INFO o.a.j.e.u.CompoundVariable: Note: Function class names must not contain the string: '.gui.'
2025-04-30 08:13:21,341 INFO o.a.j.r.ClassFinder: Will scan jar /opt/homebrew/Cellar/jmeter/5.6.3/libexec/lib/ext/jmeter-plugins-manager-1.9.jar with filter ExtendsClassFilter [parents=[interface org.apache.jmeter.functions.Function], inner=false, contains=null, notContains=null]. Consider exposing JMeter plugins via META-INF/services, and add JMeter-Skip-Class-Scanning=true manifest attribute so JMeter can skip classfile scanning
2025-04-30 08:13:21,392 INFO o.a.j.JMeter: Running test (1745981001392)
2025-04-30 08:13:21,403 INFO o.a.j.e.StandardJMeterEngine: Starting ThreadGroup: 1 : Users
2025-04-30 08:13:21,403 INFO o.a.j.e.StandardJMeterEngine: Starting 1 threads for group Users.
2025-04-30 08:13:21,403 INFO o.a.j.e.StandardJMeterEngine: Thread will continue on error
2025-04-30 08:13:21,404 INFO o.a.j.t.ThreadGroup: Starting thread group... number=1 threads=1 ramp-up=2 delayedStart=false
2025-04-30 08:13:21,406 INFO o.a.j.t.ThreadGroup: Started thread group number 1
2025-04-30 08:13:21,406 INFO o.a.j.e.StandardJMeterEngine: All thread groups have been started
2025-04-30 08:13:21,429 INFO o.a.j.t.JMeterThread: Thread started: Users 1-1
2025-04-30 08:13:21,430 INFO o.a.j.s.FileServer: Stored: tokens.csv
2025-04-30 08:13:21,444 INFO o.a.j.p.h.s.HTTPHCAbstractImpl: Local host = thilan.local
2025-04-30 08:13:21,447 INFO o.a.j.p.h.s.HTTPHC4Impl: HTTP request retry count = 0
2025-04-30 08:13:21,447 INFO o.a.j.s.SampleResult: Note: Sample TimeStamps are START times
2025-04-30 08:13:21,448 INFO o.a.j.s.SampleResult: sampleresult.default.encoding is set to UTF-8
2025-04-30 08:13:21,448 INFO o.a.j.s.SampleResult: sampleresult.useNanoTime=true
2025-04-30 08:13:21,448 INFO o.a.j.s.SampleResult: sampleresult.nanoThreadSleep=5000
2025-04-30 08:13:21,478 INFO o.a.j.s.FileServer: Stored: payload.json
2025-04-30 08:13:21,486 INFO o.a.j.p.h.s.h.LazyLayeredConnectionSocketFactory: Setting up HTTPS TrustAll Socket Factory
2025-04-30 08:13:21,488 INFO o.a.j.u.JsseSSLManager: Using default SSL protocol: TLS
2025-04-30 08:13:21,488 INFO o.a.j.u.JsseSSLManager: SSL session context: per-thread
2025-04-30 08:13:21,717 INFO o.a.j.u.SSLManager: JmeterKeyStore Location:  type JKS
2025-04-30 08:13:21,719 INFO o.a.j.u.SSLManager: KeyStore created OK
2025-04-30 08:13:21,719 WARN o.a.j.u.SSLManager: Keystore file not found, loading empty keystore
2025-04-30 08:13:23,201 INFO o.a.j.r.ResultCollector: Shutdown hook started
2025-04-30 08:13:23,202 INFO o.a.j.r.ResultCollector: Shutdown hook ended
